127.0.0.1 - - [10/Dec/2021:20:45:27 +0100] "GET / HTTP/1.1" 200 7800
127.0.0.1 - - [10/Dec/2021:20:45:28 +0100] "GET /css/normalize.min.css HTTP/1.1" 200 2057
127.0.0.1 - - [10/Dec/2021:20:45:28 +0100] "GET /css/milligram.min.css HTTP/1.1" 200 10028
127.0.0.1 - - [10/Dec/2021:20:45:28 +0100] "GET /css/cake.css HTTP/1.1" 200 3455
127.0.0.1 - - [10/Dec/2021:20:45:28 +0100] "GET /css/home.css HTTP/1.1" 200 1523
127.0.0.1 - - [10/Dec/2021:20:45:28 +0100] "GET /font/cakedingbats-webfont.woff2 HTTP/1.1" 200 35456
::1 - - [11/Dec/2021:17:56:56 +0100] "GET / HTTP/1.1" 200 7899
::1 - - [11/Dec/2021:17:57:04 +0100] "GET /css/normalize.min.css HTTP/1.1" 200 2057
::1 - - [11/Dec/2021:17:57:04 +0100] "GET /css/cake.css HTTP/1.1" 200 3455
::1 - - [11/Dec/2021:17:57:04 +0100] "GET /css/milligram.min.css HTTP/1.1" 200 10028
::1 - - [11/Dec/2021:17:57:04 +0100] "GET /css/home.css HTTP/1.1" 200 1523
::1 - - [11/Dec/2021:17:57:04 +0100] "GET /debug_kit/js/toolbar.js?1639165417 HTTP/1.1" 200 3981
::1 - - [11/Dec/2021:17:57:05 +0100] "GET /font/cakedingbats-webfont.woff2 HTTP/1.1" 200 35456
::1 - - [11/Dec/2021:17:57:05 +0100] "GET /debug-kit/toolbar/cc0229e8-dea0-4495-ae1b-c7eb913a4762 HTTP/1.1" 200 4589
::1 - - [11/Dec/2021:17:57:05 +0100] "GET /debug_kit/css/toolbar.css HTTP/1.1" 200 9304
::1 - - [11/Dec/2021:17:57:05 +0100] "GET /debug_kit/css/reset.css HTTP/1.1" 200 1092
::1 - - [11/Dec/2021:17:57:05 +0100] "GET /debug_kit/img/cake.icon.png HTTP/1.1" 200 1449
::1 - - [11/Dec/2021:17:57:05 +0100] "GET /debug_kit/js/jquery.js HTTP/1.1" 200 96381
::1 - - [11/Dec/2021:17:57:05 +0100] "GET /debug_kit/js/debug_kit.js HTTP/1.1" 200 682
::1 - - [11/Dec/2021:17:57:05 +0100] "GET /debug_kit/js/toolbar-app.js HTTP/1.1" 200 8705
::1 - - [11/Dec/2021:17:57:06 +0100] "GET /favicon.ico HTTP/1.1" 200 15086
127.0.0.1 - - [11/Dec/2021:18:00:49 +0100] "GET / HTTP/1.1" 200 7893
127.0.0.1 - - [11/Dec/2021:18:00:53 +0100] "GET /css/normalize.min.css HTTP/1.1" 200 2057
127.0.0.1 - - [11/Dec/2021:18:00:53 +0100] "GET /css/milligram.min.css HTTP/1.1" 200 10028
127.0.0.1 - - [11/Dec/2021:18:00:53 +0100] "GET /css/cake.css HTTP/1.1" 200 3455
127.0.0.1 - - [11/Dec/2021:18:00:53 +0100] "GET /css/home.css HTTP/1.1" 200 1523
127.0.0.1 - - [11/Dec/2021:18:00:53 +0100] "GET /debug_kit/js/toolbar.js?1639165417 HTTP/1.1" 200 3981
127.0.0.1 - - [11/Dec/2021:18:00:54 +0100] "GET /font/cakedingbats-webfont.woff2 HTTP/1.1" 200 35456
127.0.0.1 - - [11/Dec/2021:18:00:54 +0100] "GET /debug-kit/toolbar/65595b8d-91f5-462d-af7a-33a863b72b5d HTTP/1.1" 200 4583
127.0.0.1 - - [11/Dec/2021:18:00:54 +0100] "GET /debug_kit/js/toolbar-app.js HTTP/1.1" 200 8705
127.0.0.1 - - [11/Dec/2021:18:00:54 +0100] "GET /debug_kit/css/reset.css HTTP/1.1" 200 1092
127.0.0.1 - - [11/Dec/2021:18:00:54 +0100] "GET /debug_kit/css/toolbar.css HTTP/1.1" 200 9304
127.0.0.1 - - [11/Dec/2021:18:00:54 +0100] "GET /debug_kit/js/debug_kit.js HTTP/1.1" 200 682
127.0.0.1 - - [11/Dec/2021:18:00:54 +0100] "GET /debug_kit/img/cake.icon.png HTTP/1.1" 200 1449
127.0.0.1 - - [11/Dec/2021:18:00:54 +0100] "GET /debug_kit/js/jquery.js HTTP/1.1" 200 96381
127.0.0.1 - - [11/Dec/2021:18:00:54 +0100] "GET /favicon.ico HTTP/1.1" 200 15086
::1 - - [11/Dec/2021:18:05:41 +0100] "GET /phpmyadmin/ HTTP/1.1" 200 16962
::1 - - [11/Dec/2021:18:05:45 +0100] "GET /phpmyadmin/js/vendor/codemirror/addon/hint/show-hint.css?v=5.1.0 HTTP/1.1" 200 623
::1 - - [11/Dec/2021:18:05:45 +0100] "GET /phpmyadmin/themes/pmahomme/jquery/jquery-ui.css HTTP/1.1" 200 36566
::1 - - [11/Dec/2021:18:05:45 +0100] "GET /phpmyadmin/js/vendor/codemirror/lib/codemirror.css?v=5.1.0 HTTP/1.1" 200 8728
::1 - - [11/Dec/2021:18:05:45 +0100] "GET /phpmyadmin/themes/pmahomme/css/theme.css?v=5.1.0&nocache=6298293814ltr&server=1 HTTP/1.1" 200 214806
::1 - - [11/Dec/2021:18:05:45 +0100] "GET /phpmyadmin/js/vendor/jquery/jquery-migrate.js?v=5.1.0 HTTP/1.1" 200 25300
::1 - - [11/Dec/2021:18:05:45 +0100] "GET /phpmyadmin/js/vendor/codemirror/addon/lint/lint.css?v=5.1.0 HTTP/1.1" 200 2878
::1 - - [11/Dec/2021:18:05:45 +0100] "GET /phpmyadmin/js/vendor/jquery/jquery.min.js?v=5.1.0 HTTP/1.1" 200 89476
::1 - - [11/Dec/2021:18:05:45 +0100] "GET /phpmyadmin/js/vendor/sprintf.js?v=5.1.0 HTTP/1.1" 200 7409
::1 - - [11/Dec/2021:18:05:45 +0100] "GET /phpmyadmin/js/dist/keyhandler.js?v=5.1.0 HTTP/1.1" 200 3003
::1 - - [11/Dec/2021:18:05:45 +0100] "GET /phpmyadmin/js/vendor/jquery/jquery.mousewheel.js?v=5.1.0 HTTP/1.1" 200 8267
::1 - - [11/Dec/2021:18:05:45 +0100] "GET /phpmyadmin/js/vendor/js.cookie.js?v=5.1.0 HTTP/1.1" 200 3883
::1 - - [11/Dec/2021:18:05:45 +0100] "GET /phpmyadmin/js/vendor/jquery/jquery.event.drag-2.2.js?v=5.1.0 HTTP/1.1" 200 13469
::1 - - [11/Dec/2021:18:05:45 +0100] "GET /phpmyadmin/js/vendor/jquery/jquery.validate.js?v=5.1.0 HTTP/1.1" 200 50963
::1 - - [11/Dec/2021:18:05:45 +0100] "GET /phpmyadmin/js/vendor/jquery/jquery.debounce-1.0.6.js?v=5.1.0 HTTP/1.1" 200 1608
::1 - - [11/Dec/2021:18:05:45 +0100] "GET /phpmyadmin/js/dist/ajax.js?v=5.1.0 HTTP/1.1" 200 31313
::1 - - [11/Dec/2021:18:05:45 +0100] "GET /phpmyadmin/js/vendor/bootstrap/bootstrap.bundle.min.js?v=5.1.0 HTTP/1.1" 200 84152
::1 - - [11/Dec/2021:18:05:45 +0100] "GET /phpmyadmin/js/vendor/jquery/jquery.ba-hashchange-2.0.js?v=5.1.0 HTTP/1.1" 200 10505
::1 - - [11/Dec/2021:18:05:45 +0100] "GET /phpmyadmin/js/dist/cross_framing_protection.js?v=5.1.0 HTTP/1.1" 200 419
::1 - - [11/Dec/2021:18:05:45 +0100] "GET /phpmyadmin/js/dist/rte.js?v=5.1.0 HTTP/1.1" 200 39947
::1 - - [11/Dec/2021:18:05:45 +0100] "GET /phpmyadmin/js/vendor/jquery/jquery-ui-timepicker-addon.js?v=5.1.0 HTTP/1.1" 200 78475
::1 - - [11/Dec/2021:18:05:45 +0100] "GET /phpmyadmin/js/dist/error_report.js?v=5.1.0 HTTP/1.1" 200 9621
::1 - - [11/Dec/2021:18:05:45 +0100] "GET /phpmyadmin/js/dist/menu_resizer.js?v=5.1.0 HTTP/1.1" 200 5644
::1 - - [11/Dec/2021:18:05:45 +0100] "GET /phpmyadmin/js/vendor/jquery/jquery-ui.min.js?v=5.1.0 HTTP/1.1" 200 253669
::1 - - [11/Dec/2021:18:05:45 +0100] "GET /phpmyadmin/js/dist/config.js?v=5.1.0 HTTP/1.1" 200 24956
::1 - - [11/Dec/2021:18:05:45 +0100] "GET /phpmyadmin/js/dist/indexes.js?v=5.1.0 HTTP/1.1" 200 26344
::1 - - [11/Dec/2021:18:05:45 +0100] "GET /phpmyadmin/js/dist/common.js?v=5.1.0 HTTP/1.1" 200 4367
::1 - - [11/Dec/2021:18:05:45 +0100] "GET /phpmyadmin/js/dist/doclinks.js?v=5.1.0 HTTP/1.1" 200 18275
::1 - - [11/Dec/2021:18:05:45 +0100] "GET /phpmyadmin/js/dist/page_settings.js?v=5.1.0 HTTP/1.1" 200 1568
::1 - - [11/Dec/2021:18:05:45 +0100] "GET /phpmyadmin/js/dist/functions.js?v=5.1.0 HTTP/1.1" 200 161199
::1 - - [11/Dec/2021:18:05:45 +0100] "GET /phpmyadmin/js/dist/drag_drop_import.js?v=5.1.0 HTTP/1.1" 200 12308
::1 - - [11/Dec/2021:18:05:45 +0100] "GET /phpmyadmin/js/vendor/tracekit.js?v=5.1.0 HTTP/1.1" 200 45389
::1 - - [11/Dec/2021:18:05:45 +0100] "GET /phpmyadmin/js/vendor/codemirror/mode/sql/sql.js?v=5.1.0 HTTP/1.1" 200 47998
::1 - - [11/Dec/2021:18:05:45 +0100] "GET /phpmyadmin/js/vendor/codemirror/addon/runmode/runmode.js?v=5.1.0 HTTP/1.1" 200 2767
::1 - - [11/Dec/2021:18:05:45 +0100] "GET /phpmyadmin/js/dist/shortcuts_handler.js?v=5.1.0 HTTP/1.1" 200 3306
::1 - - [11/Dec/2021:18:05:45 +0100] "GET /phpmyadmin/js/vendor/codemirror/addon/hint/show-hint.js?v=5.1.0 HTTP/1.1" 200 18948
::1 - - [11/Dec/2021:18:05:45 +0100] "GET /phpmyadmin/js/dist/navigation.js?v=5.1.0 HTTP/1.1" 200 53993
::1 - - [11/Dec/2021:18:05:45 +0100] "GET /phpmyadmin/js/vendor/codemirror/addon/hint/sql-hint.js?v=5.1.0 HTTP/1.1" 200 9604
::1 - - [11/Dec/2021:18:05:45 +0100] "GET /phpmyadmin/js/vendor/codemirror/addon/lint/lint.js?v=5.1.0 HTTP/1.1" 200 9125
::1 - - [11/Dec/2021:18:05:45 +0100] "GET /phpmyadmin/js/messages.php?l=es&v=5.1.0&lang=es HTTP/1.1" 200 8880
::1 - - [11/Dec/2021:18:05:45 +0100] "GET /phpmyadmin/js/dist/console.js?v=5.1.0 HTTP/1.1" 200 49656
::1 - - [11/Dec/2021:18:05:45 +0100] "GET /phpmyadmin/js/dist/codemirror/addon/lint/sql-lint.js?v=5.1.0 HTTP/1.1" 200 959
::1 - - [11/Dec/2021:18:05:45 +0100] "GET /phpmyadmin/themes/pmahomme/img/logo_left.png HTTP/1.1" 200 2713
::1 - - [11/Dec/2021:18:05:45 +0100] "GET /phpmyadmin/js/vendor/codemirror/lib/codemirror.js?v=5.1.0 HTTP/1.1" 200 398241
::1 - - [11/Dec/2021:18:05:45 +0100] "GET /phpmyadmin/themes/dot.gif HTTP/1.1" 200 43
::1 - - [11/Dec/2021:18:05:45 +0100] "GET /phpmyadmin/themes/pmahomme/css/printview.css?v=5.1.0 HTTP/1.1" 200 1392
::1 - - [11/Dec/2021:18:05:45 +0100] "GET /phpmyadmin/themes/pmahomme/img/left_nav_bg.png HTTP/1.1" 200 146
::1 - - [11/Dec/2021:18:05:45 +0100] "GET /phpmyadmin/themes/pmahomme/img/s_cog.png HTTP/1.1" 200 442
::1 - - [11/Dec/2021:18:05:45 +0100] "GET /phpmyadmin/themes/pmahomme/img/b_docs.png HTTP/1.1" 200 705
::1 - - [11/Dec/2021:18:05:45 +0100] "GET /phpmyadmin/themes/pmahomme/img/b_home.png HTTP/1.1" 200 734
::1 - - [11/Dec/2021:18:05:45 +0100] "GET /phpmyadmin/themes/pmahomme/img/s_loggoff.png HTTP/1.1" 200 626
::1 - - [11/Dec/2021:18:05:45 +0100] "GET /phpmyadmin/themes/pmahomme/img/b_sqlhelp.png HTTP/1.1" 200 512
::1 - - [11/Dec/2021:18:05:45 +0100] "GET /phpmyadmin/themes/pmahomme/img/s_reload.png HTTP/1.1" 200 527
::1 - - [11/Dec/2021:18:05:45 +0100] "GET /phpmyadmin/themes/pmahomme/img/s_link.png HTTP/1.1" 200 280
::1 - - [11/Dec/2021:18:05:45 +0100] "GET /phpmyadmin/themes/pmahomme/img/b_newdb.png HTTP/1.1" 200 585
::1 - - [11/Dec/2021:18:05:45 +0100] "GET /phpmyadmin/themes/pmahomme/img/b_plus.png HTTP/1.1" 200 143
::1 - - [11/Dec/2021:18:05:45 +0100] "GET /phpmyadmin/themes/pmahomme/img/s_db.png HTTP/1.1" 200 328
::1 - - [11/Dec/2021:18:05:45 +0100] "GET /phpmyadmin/themes/pmahomme/img/b_group.png HTTP/1.1" 200 682
::1 - - [11/Dec/2021:18:05:45 +0100] "GET /phpmyadmin/themes/pmahomme/img/s_host.png HTTP/1.1" 200 591
::1 - - [11/Dec/2021:18:05:45 +0100] "GET /phpmyadmin/themes/pmahomme/img/s_status.png HTTP/1.1" 200 600
::1 - - [11/Dec/2021:18:05:45 +0100] "GET /phpmyadmin/themes/pmahomme/img/b_sql.png HTTP/1.1" 200 680
::1 - - [11/Dec/2021:18:05:45 +0100] "GET /phpmyadmin/themes/pmahomme/img/b_import.png HTTP/1.1" 200 556
::1 - - [11/Dec/2021:18:05:45 +0100] "GET /phpmyadmin/themes/pmahomme/img/s_rights.png HTTP/1.1" 200 461
::1 - - [11/Dec/2021:18:05:45 +0100] "GET /phpmyadmin/themes/pmahomme/img/b_export.png HTTP/1.1" 200 514
::1 - - [11/Dec/2021:18:05:45 +0100] "GET /phpmyadmin/themes/pmahomme/img/b_tblops.png HTTP/1.1" 200 537
::1 - - [11/Dec/2021:18:05:45 +0100] "GET /phpmyadmin/themes/pmahomme/img/s_asci.png HTTP/1.1" 200 148
::1 - - [11/Dec/2021:18:05:45 +0100] "GET /phpmyadmin/themes/pmahomme/img/s_vars.png HTTP/1.1" 200 523
::1 - - [11/Dec/2021:18:05:45 +0100] "GET /phpmyadmin/themes/pmahomme/img/s_replication.png HTTP/1.1" 200 399
::1 - - [11/Dec/2021:18:05:45 +0100] "GET /phpmyadmin/themes/pmahomme/img/b_engine.png HTTP/1.1" 200 398
::1 - - [11/Dec/2021:18:05:45 +0100] "GET /phpmyadmin/themes/pmahomme/img/b_plugin.png HTTP/1.1" 200 512
::1 - - [11/Dec/2021:18:05:45 +0100] "GET /phpmyadmin/themes/pmahomme/img/s_top.png HTTP/1.1" 200 220
::1 - - [11/Dec/2021:18:05:45 +0100] "GET /phpmyadmin/themes/pmahomme/img/b_help.png HTTP/1.1" 200 705
::1 - - [11/Dec/2021:18:05:45 +0100] "GET /phpmyadmin/themes/pmahomme/img/s_lang.png HTTP/1.1" 200 659
::1 - - [11/Dec/2021:18:05:45 +0100] "GET /phpmyadmin/themes/pmahomme/img/console.png HTTP/1.1" 200 292
::1 - - [11/Dec/2021:18:05:45 +0100] "GET /phpmyadmin/themes/pmahomme/img/s_theme.png HTTP/1.1" 200 772
::1 - - [11/Dec/2021:18:05:45 +0100] "GET /phpmyadmin/themes/pmahomme/img/window-new.png HTTP/1.1" 200 468
::1 - - [11/Dec/2021:18:05:45 +0100] "POST /phpmyadmin/index.php?route=/config/get HTTP/1.1" 200 1608
::1 - - [11/Dec/2021:18:05:45 +0100] "GET /phpmyadmin/favicon.ico HTTP/1.1" 200 22486
::1 - - [11/Dec/2021:18:05:45 +0100] "POST /phpmyadmin/index.php?route=/navigation&ajax_request=1 HTTP/1.1" 200 2639
::1 - - [11/Dec/2021:18:05:45 +0100] "POST /phpmyadmin/index.php?route=/config/get HTTP/1.1" 200 1699
::1 - - [11/Dec/2021:18:05:45 +0100] "POST /phpmyadmin/index.php?route=/database/structure/favorite-table&ajax_request=1&favorite_table=1&sync_favorite_tables=1&lang=es HTTP/1.1" 200 162
::1 - - [11/Dec/2021:18:05:45 +0100] "POST /phpmyadmin/index.php?route=/version-check HTTP/1.1" 200 64
::1 - - [11/Dec/2021:18:05:45 +0100] "POST /phpmyadmin/index.php?route=/config/set HTTP/1.1" 200 1600
::1 - - [11/Dec/2021:18:07:03 +0100] "GET /phpmyadmin/themes/pmahomme/img/ajax_clock_small.gif HTTP/1.1" 200 1810
::1 - - [11/Dec/2021:18:07:03 +0100] "GET /phpmyadmin/index.php?route=/server/sql&lang=es&ajax_request=true&ajax_page_request=true&_nocache=1639242423215971934&token=4d296d7542482a4f3e485c3c3b5c2167 HTTP/1.1" 200 4967
::1 - - [11/Dec/2021:18:07:03 +0100] "GET /phpmyadmin/js/vendor/stickyfill.min.js?v=5.1.0 HTTP/1.1" 200 6500
::1 - - [11/Dec/2021:18:07:03 +0100] "GET /phpmyadmin/js/vendor/jquery/jquery.uitablefilter.js?v=5.1.0 HTTP/1.1" 200 3139
::1 - - [11/Dec/2021:18:07:03 +0100] "GET /phpmyadmin/js/dist/sql.js?v=5.1.0 HTTP/1.1" 200 35506
::1 - - [11/Dec/2021:18:07:03 +0100] "GET /phpmyadmin/js/dist/makegrid.js?v=5.1.0 HTTP/1.1" 200 79661
::1 - - [11/Dec/2021:18:07:11 +0100] "GET /phpmyadmin/themes/pmahomme/img/s_lock.png HTTP/1.1" 200 667
::1 - - [11/Dec/2021:18:07:11 +0100] "POST /phpmyadmin/index.php?route=/database/sql/autocomplete HTTP/1.1" 200 1606
::1 - - [11/Dec/2021:18:07:13 +0100] "POST /phpmyadmin/index.php?route=/lint HTTP/1.1" 200 140
::1 - - [11/Dec/2021:18:07:15 +0100] "POST /phpmyadmin/index.php?route=/lint HTTP/1.1" 200 28
::1 - - [11/Dec/2021:18:07:17 +0100] "POST /phpmyadmin/index.php?route=/lint HTTP/1.1" 200 140
::1 - - [11/Dec/2021:18:07:18 +0100] "POST /phpmyadmin/index.php?route=/lint HTTP/1.1" 200 140
::1 - - [11/Dec/2021:18:07:21 +0100] "POST /phpmyadmin/index.php?route=/lint HTTP/1.1" 200 28
::1 - - [11/Dec/2021:18:07:23 +0100] "POST /phpmyadmin/index.php?route=/lint HTTP/1.1" 200 28
::1 - - [11/Dec/2021:18:07:27 +0100] "POST /phpmyadmin/index.php?route=/lint HTTP/1.1" 200 28
::1 - - [11/Dec/2021:18:07:35 +0100] "POST /phpmyadmin/index.php?route=/lint HTTP/1.1" 200 28
::1 - - [11/Dec/2021:18:07:37 +0100] "POST /phpmyadmin/index.php?route=/import HTTP/1.1" 200 2054
::1 - - [11/Dec/2021:18:07:37 +0100] "GET /phpmyadmin/themes/pmahomme/img/s_notice.png HTTP/1.1" 200 567
::1 - - [11/Dec/2021:18:07:37 +0100] "GET /phpmyadmin/themes/pmahomme/img/s_success.png HTTP/1.1" 200 465
::1 - - [11/Dec/2021:18:07:37 +0100] "POST /phpmyadmin/index.php?route=/navigation&ajax_request=1 HTTP/1.1" 200 2674
::1 - - [11/Dec/2021:18:07:41 +0100] "GET /phpmyadmin/index.php?route=/server/databases&ajax_request=true&ajax_page_request=true&_nocache=1639242461758543194&token=4d296d7542482a4f3e485c3c3b5c2167 HTTP/1.1" 200 8165
::1 - - [11/Dec/2021:18:07:41 +0100] "GET /phpmyadmin/themes/pmahomme/img/s_asc.png HTTP/1.1" 200 146
::1 - - [11/Dec/2021:18:07:41 +0100] "GET /phpmyadmin/themes/pmahomme/img/b_deltbl.png HTTP/1.1" 200 577
::1 - - [11/Dec/2021:18:07:41 +0100] "GET /phpmyadmin/themes/pmahomme/img/arrow_ltr.png HTTP/1.1" 200 101
::1 - - [11/Dec/2021:18:07:41 +0100] "GET /phpmyadmin/js/dist/server/databases.js?v=5.1.0 HTTP/1.1" 200 4917
::1 - - [11/Dec/2021:18:07:43 +0100] "GET /phpmyadmin/index.php?route=/server/sql&ajax_request=true&ajax_page_request=true&_nocache=1639242463620343044&token=4d296d7542482a4f3e485c3c3b5c2167 HTTP/1.1" 200 4969
::1 - - [11/Dec/2021:18:07:45 +0100] "GET /phpmyadmin/index.php?route=/server/databases&ajax_request=true&ajax_page_request=true&_nocache=163924246567293568&token=4d296d7542482a4f3e485c3c3b5c2167 HTTP/1.1" 200 8165
::1 - - [11/Dec/2021:18:07:49 +0100] "GET /phpmyadmin/index.php?route=/database/structure&db=dwec_libros&ajax_request=true&ajax_page_request=true&_nocache=1639242469316411853&token=4d296d7542482a4f3e485c3c3b5c2167 HTTP/1.1" 200 5420
::1 - - [11/Dec/2021:18:07:49 +0100] "GET /phpmyadmin/themes/pmahomme/img/b_props.png HTTP/1.1" 200 573
::1 - - [11/Dec/2021:18:07:49 +0100] "GET /phpmyadmin/themes/pmahomme/img/b_search.png HTTP/1.1" 200 538
::1 - - [11/Dec/2021:18:07:49 +0100] "GET /phpmyadmin/themes/pmahomme/img/eye.png HTTP/1.1" 200 663
::1 - - [11/Dec/2021:18:07:49 +0100] "GET /phpmyadmin/themes/pmahomme/img/b_routines.png HTTP/1.1" 200 306
::1 - - [11/Dec/2021:18:07:49 +0100] "GET /phpmyadmin/themes/pmahomme/img/b_triggers.png HTTP/1.1" 200 446
::1 - - [11/Dec/2021:18:07:49 +0100] "GET /phpmyadmin/themes/pmahomme/img/b_events.png HTTP/1.1" 200 703
::1 - - [11/Dec/2021:18:07:49 +0100] "GET /phpmyadmin/themes/pmahomme/img/b_relations.png HTTP/1.1" 200 140
::1 - - [11/Dec/2021:18:07:49 +0100] "GET /phpmyadmin/themes/pmahomme/img/centralColumns.png HTTP/1.1" 200 586
::1 - - [11/Dec/2021:18:07:49 +0100] "GET /phpmyadmin/themes/pmahomme/img/b_no_favorite.png HTTP/1.1" 200 377
::1 - - [11/Dec/2021:18:07:49 +0100] "GET /phpmyadmin/themes/pmahomme/img/b_browse.png HTTP/1.1" 200 486
::1 - - [11/Dec/2021:18:07:49 +0100] "GET /phpmyadmin/themes/pmahomme/img/b_select.png HTTP/1.1" 200 593
::1 - - [11/Dec/2021:18:07:49 +0100] "GET /phpmyadmin/themes/pmahomme/img/b_insrow.png HTTP/1.1" 200 157
::1 - - [11/Dec/2021:18:07:49 +0100] "GET /phpmyadmin/themes/pmahomme/img/b_empty.png HTTP/1.1" 200 521
::1 - - [11/Dec/2021:18:07:49 +0100] "GET /phpmyadmin/themes/pmahomme/img/b_drop.png HTTP/1.1" 200 637
::1 - - [11/Dec/2021:18:07:49 +0100] "GET /phpmyadmin/themes/pmahomme/img/b_print.png HTTP/1.1" 200 639
::1 - - [11/Dec/2021:18:07:49 +0100] "GET /phpmyadmin/themes/pmahomme/img/b_tblanalyse.png HTTP/1.1" 200 152
::1 - - [11/Dec/2021:18:07:49 +0100] "GET /phpmyadmin/themes/pmahomme/img/b_table_add.png HTTP/1.1" 200 571
::1 - - [11/Dec/2021:18:07:49 +0100] "GET /phpmyadmin/themes/pmahomme/img/b_minus.png HTTP/1.1" 200 123
::1 - - [11/Dec/2021:18:07:49 +0100] "GET /phpmyadmin/js/dist/database/structure.js?v=5.1.0 HTTP/1.1" 200 15661
::1 - - [11/Dec/2021:18:07:49 +0100] "GET /phpmyadmin/js/dist/table/change.js?v=5.1.0 HTTP/1.1" 200 28142
::1 - - [11/Dec/2021:18:07:49 +0100] "GET /phpmyadmin/index.php?route=/navigation&ajax_request=1&server=1&aPath=cm9vdA%3D%3D.ZHdlY19saWJyb3M%3D&vPath=cm9vdA%3D%3D.ZHdlYw%3D%3D.bGlicm9z&pos=0&searchClause=&searchClause2=&_nocache=1639242469915632142&token=4d296d7542482a4f3e485c3c3b5c2167 HTTP/1.1" 200 2068
::1 - - [11/Dec/2021:18:07:54 +0100] "GET /phpmyadmin/themes/pmahomme/img/hide.png HTTP/1.1" 200 284
::1 - - [11/Dec/2021:18:07:55 +0100] "GET /phpmyadmin/index.php?route=/sql&server=1&db=dwec_libros&table=libros&pos=0&ajax_request=true&ajax_page_request=true&_nocache=1639242475534862257&token=4d296d7542482a4f3e485c3c3b5c2167 HTTP/1.1" 200 12425
::1 - - [11/Dec/2021:18:07:55 +0100] "GET /phpmyadmin/themes/pmahomme/img/b_tblexport.png HTTP/1.1" 200 514
::1 - - [11/Dec/2021:18:07:55 +0100] "GET /phpmyadmin/themes/pmahomme/img/b_tblimport.png HTTP/1.1" 200 556
::1 - - [11/Dec/2021:18:07:55 +0100] "GET /phpmyadmin/themes/pmahomme/img/s_tbl.png HTTP/1.1" 200 645
::1 - - [11/Dec/2021:18:07:55 +0100] "GET /phpmyadmin/themes/pmahomme/img/b_edit.png HTTP/1.1" 200 377
::1 - - [11/Dec/2021:18:07:55 +0100] "GET /phpmyadmin/themes/pmahomme/img/b_view_add.png HTTP/1.1" 200 678
::1 - - [11/Dec/2021:18:07:55 +0100] "GET /phpmyadmin/themes/pmahomme/img/b_bookmark.png HTTP/1.1" 200 637
::1 - - [11/Dec/2021:18:07:55 +0100] "GET /phpmyadmin/themes/pmahomme/img/b_chart.png HTTP/1.1" 200 449
::1 - - [11/Dec/2021:18:07:55 +0100] "GET /phpmyadmin/js/dist/gis_data_editor.js?v=5.1.0 HTTP/1.1" 200 13867
::1 - - [11/Dec/2021:18:07:55 +0100] "GET /phpmyadmin/js/dist/multi_column_sort.js?v=5.1.0 HTTP/1.1" 200 3128
::1 - - [11/Dec/2021:18:07:56 +0100] "GET /phpmyadmin/themes/pmahomme/img/col_pointer.png HTTP/1.1" 200 102
::1 - - [11/Dec/2021:18:07:56 +0100] "GET /phpmyadmin/themes/pmahomme/img/col_drop.png HTTP/1.1" 200 111
::1 - - [11/Dec/2021:18:07:55 +0100] "GET /phpmyadmin/index.php?route=/recent-table&ajax_request=1&recent_table=1&no_debug=true&_nocache=1639242475978493867&token=4d296d7542482a4f3e485c3c3b5c2167 HTTP/1.1" 200 1707
::1 - - [11/Dec/2021:18:07:56 +0100] "GET /phpmyadmin/themes/pmahomme/img/s_fulltext.png HTTP/1.1" 200 176
::1 - - [11/Dec/2021:18:08:11 +0100] "GET /phpmyadmin/index.php?route=/database/structure&server=1&db=libreria&ajax_request=true&ajax_page_request=true&_nocache=1639242491531869023&token=4d296d7542482a4f3e485c3c3b5c2167 HTTP/1.1" 200 3166
::1 - - [11/Dec/2021:18:08:11 +0100] "GET /phpmyadmin/index.php?route=/navigation&ajax_request=1&server=1&aPath=cm9vdA%3D%3D.bGlicmVyaWE%3D&vPath=cm9vdA%3D%3D.bGlicmVyaWE%3D&pos=0&searchClause=&searchClause2=&_nocache=1639242491645779952&token=4d296d7542482a4f3e485c3c3b5c2167 HTTP/1.1" 200 1629
::1 - - [11/Dec/2021:18:08:13 +0100] "GET /phpmyadmin/index.php?route=/database/sql&db=libreria&ajax_request=true&ajax_page_request=true&_nocache=1639242493477696644&token=4d296d7542482a4f3e485c3c3b5c2167 HTTP/1.1" 200 5096
::1 - - [11/Dec/2021:18:32:10 +0100] "POST /phpmyadmin/index.php?route=/ HTTP/1.1" 200 1709
::1 - - [11/Dec/2021:18:43:55 +0100] "GET /phpmyadmin/themes/pmahomme/img/b_more.png HTTP/1.1" 200 111
::1 - - [11/Dec/2021:18:50:51 +0100] "POST /phpmyadmin/index.php?route=/ HTTP/1.1" 200 1709
::1 - - [11/Dec/2021:19:09:11 +0100] "POST /phpmyadmin/index.php?route=/ HTTP/1.1" 200 1709
::1 - - [11/Dec/2021:19:30:10 +0100] "POST /phpmyadmin/index.php?route=/ HTTP/1.1" 200 1709
::1 - - [11/Dec/2021:21:05:16 +0100] "POST /phpmyadmin/index.php?route=/ HTTP/1.1" 200 1709
::1 - - [13/Dec/2021:19:06:00 +0100] "GET / HTTP/1.1" 200 7863
::1 - - [13/Dec/2021:19:06:04 +0100] "GET /css/milligram.min.css HTTP/1.1" 200 10028
::1 - - [13/Dec/2021:19:06:04 +0100] "GET /css/normalize.min.css HTTP/1.1" 200 2057
::1 - - [13/Dec/2021:19:06:04 +0100] "GET /css/cake.css HTTP/1.1" 200 3455
::1 - - [13/Dec/2021:19:06:04 +0100] "GET /css/home.css HTTP/1.1" 200 1523
::1 - - [13/Dec/2021:19:06:04 +0100] "GET /debug_kit/js/toolbar.js?1639165417 HTTP/1.1" 200 3981
::1 - - [13/Dec/2021:19:06:04 +0100] "GET /font/cakedingbats-webfont.woff2 HTTP/1.1" 200 35456
::1 - - [13/Dec/2021:19:06:04 +0100] "GET /debug-kit/toolbar/dcd9ae60-6800-4121-8be5-0d7a6991e66a HTTP/1.1" 200 4589
::1 - - [13/Dec/2021:19:06:04 +0100] "GET /debug_kit/css/reset.css HTTP/1.1" 200 1092
::1 - - [13/Dec/2021:19:06:04 +0100] "GET /debug_kit/css/toolbar.css HTTP/1.1" 200 9304
::1 - - [13/Dec/2021:19:06:04 +0100] "GET /debug_kit/js/debug_kit.js HTTP/1.1" 200 682
::1 - - [13/Dec/2021:19:06:04 +0100] "GET /debug_kit/img/cake.icon.png HTTP/1.1" 200 1449
::1 - - [13/Dec/2021:19:06:04 +0100] "GET /debug_kit/js/jquery.js HTTP/1.1" 200 96381
::1 - - [13/Dec/2021:19:06:04 +0100] "GET /debug_kit/js/toolbar-app.js HTTP/1.1" 200 8705
::1 - - [13/Dec/2021:19:15:14 +0100] "GET / HTTP/1.1" 200 7863
::1 - - [13/Dec/2021:19:15:15 +0100] "GET /debug-kit/toolbar/0c0bf4ec-13e6-4474-ada1-bb75c193c829 HTTP/1.1" 200 4589
::1 - - [13/Dec/2021:19:15:15 +0100] "GET /favicon.ico HTTP/1.1" 304 -
::1 - - [13/Dec/2021:19:15:19 +0100] "GET / HTTP/1.1" 200 7863
::1 - - [13/Dec/2021:19:15:19 +0100] "GET /debug-kit/toolbar/b8cf5830-26ea-4bee-b531-ff7942740f29 HTTP/1.1" 200 4589
::1 - - [13/Dec/2021:19:15:22 +0100] "GET / HTTP/1.1" 200 7863
::1 - - [13/Dec/2021:19:15:23 +0100] "GET /debug-kit/toolbar/f513ac04-3033-4bba-ac94-61f3c1b0177b HTTP/1.1" 200 4589
::1 - - [13/Dec/2021:19:15:36 +0100] "GET / HTTP/1.1" 200 7863
::1 - - [13/Dec/2021:19:15:36 +0100] "GET /debug-kit/toolbar/852551a7-4bd9-4256-8c32-dd1cd21e8b6b HTTP/1.1" 200 4589
::1 - - [13/Dec/2021:19:18:55 +0100] "GET / HTTP/1.1" 200 7863
::1 - - [13/Dec/2021:19:18:56 +0100] "GET /debug-kit/toolbar/8e0185e4-373b-44d8-999c-bca701569b92 HTTP/1.1" 200 4588
::1 - - [13/Dec/2021:19:18:58 +0100] "GET / HTTP/1.1" 200 7863
::1 - - [13/Dec/2021:19:18:59 +0100] "GET /debug-kit/toolbar/98628b80-d088-450a-98e3-0e0876236fd2 HTTP/1.1" 200 4588
::1 - - [13/Dec/2021:19:19:06 +0100] "GET / HTTP/1.1" 200 7863
::1 - - [13/Dec/2021:19:19:06 +0100] "GET /debug-kit/toolbar/040443f8-5cbb-4efb-8ef7-2f110b5813db HTTP/1.1" 200 4588
::1 - - [13/Dec/2021:19:19:08 +0100] "GET / HTTP/1.1" 200 7863
::1 - - [13/Dec/2021:19:19:09 +0100] "GET /debug-kit/toolbar/221c4f17-fd9b-4741-bdc0-33c69e9437e6 HTTP/1.1" 200 4588
::1 - - [13/Dec/2021:19:19:12 +0100] "GET / HTTP/1.1" 200 7863
::1 - - [13/Dec/2021:19:19:12 +0100] "GET /debug-kit/toolbar/2de7f8d2-8c76-45bd-bafd-a291ac9eb766 HTTP/1.1" 200 4588
::1 - - [13/Dec/2021:19:20:50 +0100] "GET / HTTP/1.1" 200 7863
::1 - - [13/Dec/2021:19:20:51 +0100] "GET /debug-kit/toolbar/e41113bd-8889-4946-90b7-544e2f3570d1 HTTP/1.1" 200 4588
::1 - - [13/Dec/2021:19:20:53 +0100] "GET / HTTP/1.1" 200 7863
::1 - - [13/Dec/2021:19:20:53 +0100] "GET /debug-kit/toolbar/6d8178be-e058-4b63-996a-48649a3c3165 HTTP/1.1" 200 4588
::1 - - [13/Dec/2021:19:20:59 +0100] "GET / HTTP/1.1" 200 7863
::1 - - [13/Dec/2021:19:20:59 +0100] "GET /debug-kit/toolbar/4b88350c-51f3-4110-a1eb-c3f49e9c25b6 HTTP/1.1" 200 4588
::1 - - [13/Dec/2021:19:21:01 +0100] "GET / HTTP/1.1" 200 7863
::1 - - [13/Dec/2021:19:21:01 +0100] "GET /debug-kit/toolbar/f1c63f63-f514-4806-a77a-2b1025b368fa HTTP/1.1" 200 4588
::1 - - [13/Dec/2021:19:21:25 +0100] "GET / HTTP/1.1" 200 7863
::1 - - [13/Dec/2021:19:21:26 +0100] "GET /debug-kit/toolbar/5bb804ec-f45d-4352-9ebe-595173767451 HTTP/1.1" 200 4588
::1 - - [13/Dec/2021:19:21:28 +0100] "GET / HTTP/1.1" 200 7863
::1 - - [13/Dec/2021:19:21:28 +0100] "GET /debug-kit/toolbar/e3c895bc-813f-4245-85de-b123a67c6d91 HTTP/1.1" 200 4588
::1 - - [13/Dec/2021:19:21:30 +0100] "GET / HTTP/1.1" 200 7863
::1 - - [13/Dec/2021:19:21:30 +0100] "GET /debug-kit/toolbar/2352f44f-d8d9-4544-a8ef-f17bc1fb1c66 HTTP/1.1" 200 4588
::1 - - [13/Dec/2021:19:21:38 +0100] "GET / HTTP/1.1" 200 7899
::1 - - [13/Dec/2021:19:21:44 +0100] "GET /debug-kit/toolbar/517e5370-e414-4898-9fb5-1e6616ef29c6 HTTP/1.1" 200 4588
::1 - - [13/Dec/2021:19:21:46 +0100] "GET / HTTP/1.1" 200 7899
::1 - - [13/Dec/2021:19:21:50 +0100] "GET /debug-kit/toolbar/59ee28c6-2843-43a7-9f64-1c253a229854 HTTP/1.1" 200 4588
::1 - - [13/Dec/2021:19:22:35 +0100] "GET / HTTP/1.1" 200 7899
::1 - - [13/Dec/2021:19:22:39 +0100] "GET /debug-kit/toolbar/76dbae01-97ba-4f7b-8ec1-5dd5e4fb506c HTTP/1.1" 200 4588
::1 - - [13/Dec/2021:19:22:46 +0100] "GET / HTTP/1.1" 200 7899
::1 - - [13/Dec/2021:19:22:51 +0100] "GET /debug-kit/toolbar/c457000e-7f69-4c45-9a75-caf59179fa31 HTTP/1.1" 200 4588
127.0.0.1 - - [13/Dec/2021:19:23:32 +0100] "GET /phpmyadmin/themes/dot.gif HTTP/1.1" 200 43
::1 - - [13/Dec/2021:19:24:52 +0100] "GET / HTTP/1.1" 200 7899
::1 - - [13/Dec/2021:19:24:56 +0100] "GET /debug-kit/toolbar/2f8d4045-8d36-408e-a468-c9f5ee156c4d HTTP/1.1" 200 4588
::1 - - [13/Dec/2021:19:25:03 +0100] "GET / HTTP/1.1" 200 7899
::1 - - [13/Dec/2021:19:25:08 +0100] "GET /debug-kit/toolbar/d3063d33-f328-443c-bfb8-e4f3655af230 HTTP/1.1" 200 4588
::1 - - [13/Dec/2021:19:25:44 +0100] "GET / HTTP/1.1" 200 7899
::1 - - [13/Dec/2021:19:25:49 +0100] "GET /debug-kit/toolbar/4e22d745-f00e-4457-9610-3da2aa01f509 HTTP/1.1" 200 4588
::1 - - [13/Dec/2021:19:27:54 +0100] "GET / HTTP/1.1" 200 7899
::1 - - [13/Dec/2021:19:27:59 +0100] "GET /debug-kit/toolbar/f2d0479c-a649-4308-bf61-812ef0757fb1 HTTP/1.1" 200 4588
::1 - - [13/Dec/2021:19:28:24 +0100] "GET / HTTP/1.1" 200 7899
::1 - - [13/Dec/2021:19:28:28 +0100] "GET /debug-kit/toolbar/352660f1-528f-4711-b343-093212535cec HTTP/1.1" 200 4588
::1 - - [13/Dec/2021:19:29:22 +0100] "GET / HTTP/1.1" 200 7899
::1 - - [13/Dec/2021:19:29:26 +0100] "GET /debug-kit/toolbar/67e35bca-28ea-48c5-8707-55654e9047b9 HTTP/1.1" 200 4588
::1 - - [13/Dec/2021:19:29:32 +0100] "GET / HTTP/1.1" 200 7899
::1 - - [13/Dec/2021:19:29:37 +0100] "GET /debug-kit/toolbar/79b1b514-01a2-45b6-945e-2c2de86c5ba8 HTTP/1.1" 200 4588
::1 - - [13/Dec/2021:19:30:57 +0100] "GET / HTTP/1.1" 200 7899
::1 - - [13/Dec/2021:19:31:01 +0100] "GET /debug-kit/toolbar/ba1a8422-60e2-4211-be3d-7748d0d750a6 HTTP/1.1" 200 4588
::1 - - [13/Dec/2021:19:31:08 +0100] "GET / HTTP/1.1" 200 7899
::1 - - [13/Dec/2021:19:31:12 +0100] "GET /debug-kit/toolbar/50a09c70-9f63-4b7e-8417-dd8791c748f0 HTTP/1.1" 200 4588
::1 - - [13/Dec/2021:19:33:33 +0100] "GET / HTTP/1.1" 200 7899
::1 - - [13/Dec/2021:19:33:37 +0100] "GET /debug-kit/toolbar/abdb2c12-5c5d-4962-b5cb-8d72b5a521a8 HTTP/1.1" 200 4588
::1 - - [13/Dec/2021:19:34:13 +0100] "GET / HTTP/1.1" 200 7899
::1 - - [13/Dec/2021:19:34:18 +0100] "GET /debug-kit/toolbar/e5632c1e-9848-430c-a65d-58f7580cd7a8 HTTP/1.1" 200 4588
::1 - - [13/Dec/2021:19:34:47 +0100] "GET / HTTP/1.1" 200 183
::1 - - [13/Dec/2021:19:34:50 +0100] "GET / HTTP/1.1" 200 183
::1 - - [13/Dec/2021:19:34:56 +0100] "GET / HTTP/1.1" 200 7862
::1 - - [13/Dec/2021:19:34:56 +0100] "GET /debug-kit/toolbar/ef08cc34-6567-4922-aba6-dcaa28d27f64 HTTP/1.1" 200 4588
::1 - - [13/Dec/2021:19:39:41 +0100] "GET / HTTP/1.1" 200 7862
::1 - - [13/Dec/2021:19:39:41 +0100] "GET /debug-kit/toolbar/a91155bc-0d54-4e2c-aa03-2a0ce62189c5 HTTP/1.1" 200 4588
::1 - - [13/Dec/2021:19:39:43 +0100] "GET / HTTP/1.1" 200 7862
::1 - - [13/Dec/2021:19:39:44 +0100] "GET /debug-kit/toolbar/84fddcaf-3510-4bf9-8f96-27cda0ba94da HTTP/1.1" 200 4589
::1 - - [13/Dec/2021:19:39:55 +0100] "GET / HTTP/1.1" 200 7862
::1 - - [13/Dec/2021:19:39:55 +0100] "GET /debug-kit/toolbar/a7d1ca86-2aea-4f7f-914c-505bf2ae3dbe HTTP/1.1" 200 4588
::1 - - [13/Dec/2021:19:39:57 +0100] "GET / HTTP/1.1" 200 7862
::1 - - [13/Dec/2021:19:39:58 +0100] "GET /debug-kit/toolbar/b9d23379-68dd-4a5c-8cf0-b5f6e7df648a HTTP/1.1" 200 4588
::1 - - [13/Dec/2021:19:39:59 +0100] "GET / HTTP/1.1" 200 7862
::1 - - [13/Dec/2021:19:39:59 +0100] "GET /debug-kit/toolbar/f1010804-7e3c-452f-b6b6-723bfc41ec4f HTTP/1.1" 200 4588
::1 - - [13/Dec/2021:19:41:49 +0100] "GET / HTTP/1.1" 200 7862
::1 - - [13/Dec/2021:19:41:50 +0100] "GET /debug-kit/toolbar/520ba689-58d4-4f92-8cec-c6ea1186cf12 HTTP/1.1" 200 4588
::1 - - [13/Dec/2021:19:43:32 +0100] "GET / HTTP/1.1" 200 7862
::1 - - [13/Dec/2021:19:43:33 +0100] "GET /debug-kit/toolbar/ef035cf7-2eb6-4149-bd5c-f1de4e2faca2 HTTP/1.1" 200 4588
::1 - - [13/Dec/2021:19:43:34 +0100] "GET / HTTP/1.1" 200 7862
::1 - - [13/Dec/2021:19:43:35 +0100] "GET /debug-kit/toolbar/7cdcbe51-adea-4db9-9820-5d17088354bc HTTP/1.1" 200 4588
::1 - - [13/Dec/2021:19:43:56 +0100] "GET / HTTP/1.1" 200 7862
::1 - - [13/Dec/2021:19:43:57 +0100] "GET /debug-kit/toolbar/c77b4de9-732f-4bac-9c0f-41bca8d4c592 HTTP/1.1" 200 4588
::1 - - [13/Dec/2021:19:43:59 +0100] "GET / HTTP/1.1" 200 7862
::1 - - [13/Dec/2021:19:43:59 +0100] "GET /debug-kit/toolbar/d38a9453-f3b0-4caf-af5b-dbf5f55b3f8b HTTP/1.1" 200 4588
::1 - - [13/Dec/2021:19:44:00 +0100] "GET / HTTP/1.1" 200 7862
::1 - - [13/Dec/2021:19:44:01 +0100] "GET /debug-kit/toolbar/e8ebf35b-bd12-4936-9e5c-5e9de77c254d HTTP/1.1" 200 4588
::1 - - [13/Dec/2021:19:45:00 +0100] "GET / HTTP/1.1" 200 7862
::1 - - [13/Dec/2021:19:45:00 +0100] "GET /debug-kit/toolbar/086afd83-9924-40f0-bea0-d9b983118834 HTTP/1.1" 200 4588
::1 - - [13/Dec/2021:19:45:04 +0100] "GET / HTTP/1.1" 200 7862
::1 - - [13/Dec/2021:19:45:04 +0100] "GET /debug-kit/toolbar/caffe336-6d5f-426b-baf4-f2ffcba5c9ba HTTP/1.1" 200 4588
::1 - - [13/Dec/2021:19:45:12 +0100] "GET / HTTP/1.1" 200 7862
::1 - - [13/Dec/2021:19:45:12 +0100] "GET /debug-kit/toolbar/00be4171-5e0e-4428-adf8-4be63429c010 HTTP/1.1" 200 4588
::1 - - [13/Dec/2021:19:45:15 +0100] "GET / HTTP/1.1" 200 7862
::1 - - [13/Dec/2021:19:45:16 +0100] "GET /debug-kit/toolbar/89957feb-63f7-4552-a972-a8a93ca34661 HTTP/1.1" 200 4588
::1 - - [13/Dec/2021:19:47:33 +0100] "GET / HTTP/1.1" 200 7719
::1 - - [13/Dec/2021:19:47:33 +0100] "GET /debug-kit/toolbar/470fed0f-9d1b-429d-bacf-64717701b564 HTTP/1.1" 200 4589
::1 - - [13/Dec/2021:19:51:32 +0100] "GET / HTTP/1.1" 200 7719
::1 - - [13/Dec/2021:19:51:32 +0100] "GET /debug-kit/toolbar/e597d83b-b44d-4d70-b816-c66135aa5a15 HTTP/1.1" 200 4589
::1 - - [13/Dec/2021:19:51:35 +0100] "GET / HTTP/1.1" 200 7719
::1 - - [13/Dec/2021:19:51:36 +0100] "GET /debug-kit/toolbar/5bd635bd-4dad-4863-a8c5-dff94286bfe1 HTTP/1.1" 200 4589
::1 - - [13/Dec/2021:19:51:44 +0100] "GET / HTTP/1.1" 200 7719
::1 - - [13/Dec/2021:19:51:44 +0100] "GET /debug-kit/toolbar/33b96484-8ba1-4a37-bea7-0150f7955e9c HTTP/1.1" 200 4589
::1 - - [16/Dec/2021:20:06:25 +0100] "GET / HTTP/1.1" 200 7719
::1 - - [16/Dec/2021:20:06:29 +0100] "GET /css/normalize.min.css HTTP/1.1" 200 2057
::1 - - [16/Dec/2021:20:06:29 +0100] "GET /css/milligram.min.css HTTP/1.1" 200 10028
::1 - - [16/Dec/2021:20:06:29 +0100] "GET /css/cake.css HTTP/1.1" 200 3455
::1 - - [16/Dec/2021:20:06:29 +0100] "GET /css/home.css HTTP/1.1" 200 1523
::1 - - [16/Dec/2021:20:06:29 +0100] "GET /debug_kit/js/toolbar.js?1639165417 HTTP/1.1" 200 3981
::1 - - [16/Dec/2021:20:06:29 +0100] "GET /font/cakedingbats-webfont.woff2 HTTP/1.1" 200 35456
::1 - - [16/Dec/2021:20:06:29 +0100] "GET /debug-kit/toolbar/d256319d-3dcd-4714-a91c-13139a12ffcc HTTP/1.1" 200 4589
::1 - - [16/Dec/2021:20:06:29 +0100] "GET /debug_kit/css/toolbar.css HTTP/1.1" 200 9304
::1 - - [16/Dec/2021:20:06:29 +0100] "GET /debug_kit/css/reset.css HTTP/1.1" 200 1092
::1 - - [16/Dec/2021:20:06:29 +0100] "GET /debug_kit/js/jquery.js HTTP/1.1" 200 96381
::1 - - [16/Dec/2021:20:06:29 +0100] "GET /debug_kit/js/toolbar-app.js HTTP/1.1" 200 8705
::1 - - [16/Dec/2021:20:06:29 +0100] "GET /debug_kit/js/debug_kit.js HTTP/1.1" 200 682
::1 - - [16/Dec/2021:20:06:29 +0100] "GET /debug_kit/img/cake.icon.png HTTP/1.1" 200 1449
::1 - - [16/Dec/2021:20:07:04 +0100] "GET / HTTP/1.1" 200 7719
::1 - - [16/Dec/2021:20:07:05 +0100] "GET /debug-kit/toolbar/f8620051-9104-4306-9ee0-45e027a9743b HTTP/1.1" 200 4589
::1 - - [16/Dec/2021:20:07:05 +0100] "GET /favicon.ico HTTP/1.1" 200 15086
::1 - - [16/Dec/2021:20:07:07 +0100] "GET / HTTP/1.1" 200 7719
::1 - - [16/Dec/2021:20:07:07 +0100] "GET /debug-kit/toolbar/a66d75a2-fab1-4930-8327-fb7e4b1cf722 HTTP/1.1" 200 4589
::1 - - [16/Dec/2021:20:07:08 +0100] "GET / HTTP/1.1" 200 7719
::1 - - [16/Dec/2021:20:07:08 +0100] "GET /debug-kit/toolbar/54f39cfb-68ee-4f28-8c81-20d8995444b6 HTTP/1.1" 200 4589
::1 - - [16/Dec/2021:20:07:09 +0100] "GET / HTTP/1.1" 200 7719
::1 - - [16/Dec/2021:20:07:09 +0100] "GET /debug-kit/toolbar/386ec988-af56-4e28-91fe-6829047da1c2 HTTP/1.1" 200 4589
::1 - - [16/Dec/2021:20:07:10 +0100] "GET / HTTP/1.1" 200 7719
::1 - - [16/Dec/2021:20:07:10 +0100] "GET /debug-kit/toolbar/a630b52b-ab85-4931-867e-86b44ff3f0fd HTTP/1.1" 200 4589
::1 - - [16/Dec/2021:20:07:11 +0100] "GET / HTTP/1.1" 200 7719
::1 - - [16/Dec/2021:20:07:11 +0100] "GET /debug-kit/toolbar/62ea725f-5955-4915-a3ce-9bd62cea8198 HTTP/1.1" 200 4589
::1 - - [16/Dec/2021:20:07:12 +0100] "GET / HTTP/1.1" 200 7719
::1 - - [16/Dec/2021:20:07:12 +0100] "GET /debug-kit/toolbar/52fe2dad-67d0-489a-9dd5-0f553a08b1ab HTTP/1.1" 200 4589
::1 - - [16/Dec/2021:20:07:18 +0100] "GET / HTTP/1.1" 200 7719
::1 - - [16/Dec/2021:20:07:19 +0100] "GET /debug-kit/toolbar/994b647a-4eec-420b-b5fe-5fa9623f538d HTTP/1.1" 200 4589
::1 - - [16/Dec/2021:20:07:24 +0100] "GET / HTTP/1.1" 200 7719
::1 - - [16/Dec/2021:20:07:25 +0100] "GET /debug-kit/toolbar/23f9e952-ce88-4070-9bd9-892423043135 HTTP/1.1" 200 4589
::1 - - [16/Dec/2021:20:12:18 +0100] "-" 408 -
::1 - - [16/Dec/2021:20:14:59 +0100] "GET / HTTP/1.1" 200 1324
::1 - - [16/Dec/2021:20:15:00 +0100] "GET /debug-kit/toolbar/a25dcc79-0634-43a3-9569-85dbee7269c4 HTTP/1.1" 200 4589
::1 - - [16/Dec/2021:20:19:59 +0100] "-" 408 -
::1 - - [16/Dec/2021:20:25:05 +0100] "GET / HTTP/1.1" 200 7719
::1 - - [16/Dec/2021:20:25:06 +0100] "GET /debug-kit/toolbar/ca51d6ee-d0ab-4776-b396-80680e5bff1e HTTP/1.1" 200 4589
::1 - - [16/Dec/2021:20:42:42 +0100] "GET / HTTP/1.1" 200 1311
::1 - - [16/Dec/2021:20:42:43 +0100] "GET /debug-kit/toolbar/5c17fd2c-7da5-4a10-8c41-54cd5109e1ea HTTP/1.1" 200 4589
::1 - - [16/Dec/2021:20:42:45 +0100] "GET / HTTP/1.1" 200 1311
::1 - - [16/Dec/2021:20:42:45 +0100] "GET /debug-kit/toolbar/e14e2060-7c13-4078-bb15-4f89206b25b4 HTTP/1.1" 200 4589
::1 - - [16/Dec/2021:20:43:49 +0100] "GET / HTTP/1.1" 200 -
::1 - - [16/Dec/2021:20:44:24 +0100] "GET / HTTP/1.1" 200 7719
::1 - - [16/Dec/2021:20:44:25 +0100] "GET /debug-kit/toolbar/b082ade3-6c59-4acc-af44-2955da938067 HTTP/1.1" 200 4589
::1 - - [22/Dec/2021:09:18:02 +0100] "GET / HTTP/1.1" 200 7719
::1 - - [22/Dec/2021:09:18:04 +0100] "GET /css/milligram.min.css HTTP/1.1" 200 10028
::1 - - [22/Dec/2021:09:18:04 +0100] "GET /css/normalize.min.css HTTP/1.1" 200 2057
::1 - - [22/Dec/2021:09:18:04 +0100] "GET /css/home.css HTTP/1.1" 200 1523
::1 - - [22/Dec/2021:09:18:04 +0100] "GET /css/cake.css HTTP/1.1" 200 3455
::1 - - [22/Dec/2021:09:18:04 +0100] "GET /debug_kit/js/toolbar.js?1639165417 HTTP/1.1" 200 3981
::1 - - [22/Dec/2021:09:18:04 +0100] "GET /font/cakedingbats-webfont.woff2 HTTP/1.1" 200 35456
::1 - - [22/Dec/2021:09:18:04 +0100] "GET /debug-kit/toolbar/cc15e6a8-77e6-4903-add3-795a50f06f5d HTTP/1.1" 200 4589
::1 - - [22/Dec/2021:09:18:04 +0100] "GET /debug_kit/css/toolbar.css HTTP/1.1" 200 9304
::1 - - [22/Dec/2021:09:18:04 +0100] "GET /debug_kit/css/reset.css HTTP/1.1" 200 1092
::1 - - [22/Dec/2021:09:18:04 +0100] "GET /debug_kit/js/jquery.js HTTP/1.1" 200 96381
::1 - - [22/Dec/2021:09:18:04 +0100] "GET /debug_kit/img/cake.icon.png HTTP/1.1" 200 1449
::1 - - [22/Dec/2021:09:18:04 +0100] "GET /debug_kit/js/debug_kit.js HTTP/1.1" 200 682
::1 - - [22/Dec/2021:09:18:04 +0100] "GET /debug_kit/js/toolbar-app.js HTTP/1.1" 200 8705
::1 - - [22/Dec/2021:09:33:01 +0100] "GET / HTTP/1.1" 200 7719
::1 - - [22/Dec/2021:09:33:02 +0100] "GET /debug-kit/toolbar/76798b47-da29-4fcd-a2eb-8841bf8de734 HTTP/1.1" 200 4589
::1 - - [22/Dec/2021:09:33:02 +0100] "GET /favicon.ico HTTP/1.1" 200 15086
::1 - - [22/Dec/2021:09:33:04 +0100] "GET / HTTP/1.1" 200 7719
::1 - - [22/Dec/2021:09:33:05 +0100] "GET /debug-kit/toolbar/1761feb2-d1d7-47e4-922c-4a9dcb8be4a3 HTTP/1.1" 200 4589
::1 - - [22/Dec/2021:09:33:06 +0100] "GET / HTTP/1.1" 200 7719
::1 - - [22/Dec/2021:09:33:06 +0100] "GET /debug-kit/toolbar/3bd1409b-dd59-441e-a923-752142848ea1 HTTP/1.1" 200 4589
::1 - - [22/Dec/2021:09:33:22 +0100] "GET / HTTP/1.1" 200 7719
::1 - - [22/Dec/2021:09:33:22 +0100] "GET /debug-kit/toolbar/70f86e77-8f51-41e0-8f65-d46b5d835857 HTTP/1.1" 200 4589
::1 - - [22/Dec/2021:09:35:09 +0100] "GET / HTTP/1.1" 200 7719
::1 - - [22/Dec/2021:09:35:10 +0100] "GET /debug-kit/toolbar/f414d726-a30d-48c9-acc4-01b3cd1ee44a HTTP/1.1" 200 4589
::1 - - [22/Dec/2021:09:35:18 +0100] "GET /menu HTTP/1.1" 404 954743
::1 - - [22/Dec/2021:09:35:18 +0100] "GET /debug-kit/toolbar/2f422850-1914-4a5a-8562-232896187e1c HTTP/1.1" 200 4681
::1 - - [22/Dec/2021:09:35:34 +0100] "GET /usuario HTTP/1.1" 500 993579
::1 - - [22/Dec/2021:09:35:35 +0100] "GET /debug-kit/toolbar/1c217e55-672b-4580-a444-716f1fd914a3 HTTP/1.1" 200 4778
::1 - - [22/Dec/2021:09:35:59 +0100] "GET /debug-kit/toolbar/2f422850-1914-4a5a-8562-232896187e1c HTTP/1.1" 200 4681
::1 - - [22/Dec/2021:09:36:00 +0100] "GET /debug-kit/toolbar/f414d726-a30d-48c9-acc4-01b3cd1ee44a HTTP/1.1" 200 4589
127.0.0.1 - - [22/Dec/2021:09:36:16 +0100] "GET / HTTP/1.1" 200 7713
127.0.0.1 - - [22/Dec/2021:09:36:16 +0100] "GET /css/normalize.min.css HTTP/1.1" 200 2057
127.0.0.1 - - [22/Dec/2021:09:36:16 +0100] "GET /css/milligram.min.css HTTP/1.1" 200 10028
127.0.0.1 - - [22/Dec/2021:09:36:16 +0100] "GET /css/cake.css HTTP/1.1" 200 3455
127.0.0.1 - - [22/Dec/2021:09:36:16 +0100] "GET /css/home.css HTTP/1.1" 200 1523
127.0.0.1 - - [22/Dec/2021:09:36:16 +0100] "GET /debug_kit/js/toolbar.js?1639165417 HTTP/1.1" 200 3981
127.0.0.1 - - [22/Dec/2021:09:36:16 +0100] "GET /font/cakedingbats-webfont.woff2 HTTP/1.1" 200 35456
127.0.0.1 - - [22/Dec/2021:09:36:16 +0100] "GET /debug-kit/toolbar/3f4ec0e0-e6a9-43d6-b019-9b32a755f502 HTTP/1.1" 200 4583
127.0.0.1 - - [22/Dec/2021:09:36:16 +0100] "GET /debug_kit/js/toolbar-app.js HTTP/1.1" 200 8705
127.0.0.1 - - [22/Dec/2021:09:36:16 +0100] "GET /debug_kit/css/toolbar.css HTTP/1.1" 200 9304
127.0.0.1 - - [22/Dec/2021:09:36:16 +0100] "GET /debug_kit/css/reset.css HTTP/1.1" 200 1092
127.0.0.1 - - [22/Dec/2021:09:36:16 +0100] "GET /debug_kit/js/jquery.js HTTP/1.1" 200 96381
127.0.0.1 - - [22/Dec/2021:09:36:16 +0100] "GET /debug_kit/js/debug_kit.js HTTP/1.1" 200 682
127.0.0.1 - - [22/Dec/2021:09:36:16 +0100] "GET /debug_kit/img/cake.icon.png HTTP/1.1" 200 1449
127.0.0.1 - - [22/Dec/2021:09:36:16 +0100] "GET /favicon.ico HTTP/1.1" 200 15086
127.0.0.1 - - [22/Dec/2021:09:44:11 +0100] "GET / HTTP/1.1" 200 7713
127.0.0.1 - - [22/Dec/2021:09:44:12 +0100] "GET /debug-kit/toolbar/8f9d4a0a-f5ca-4f99-8fb7-890a77fcbe38 HTTP/1.1" 200 4583
127.0.0.1 - - [22/Dec/2021:09:44:14 +0100] "GET / HTTP/1.1" 200 7713
127.0.0.1 - - [22/Dec/2021:09:44:14 +0100] "GET /debug-kit/toolbar/1ad291ee-a9bf-4cf9-ab1a-c905c9d4c76a HTTP/1.1" 200 4583
127.0.0.1 - - [22/Dec/2021:09:54:22 +0100] "GET /usuarios HTTP/1.1" 404 922931
127.0.0.1 - - [22/Dec/2021:09:54:23 +0100] "GET /debug-kit/toolbar/f25bde0f-1b9c-42f3-b3c5-e8aa4a996b0b HTTP/1.1" 200 4674
127.0.0.1 - - [22/Dec/2021:09:54:29 +0100] "GET /usuario HTTP/1.1" 500 963381
127.0.0.1 - - [22/Dec/2021:09:54:30 +0100] "GET /debug-kit/toolbar/60f898ac-59eb-429a-9ecd-62560d01332a HTTP/1.1" 200 4768
127.0.0.1 - - [22/Dec/2021:09:54:59 +0100] "GET /usuario HTTP/1.1" 200 2829
127.0.0.1 - - [22/Dec/2021:09:55:00 +0100] "GET /debug-kit/toolbar/69ebc63a-1239-4e3e-94b9-2a69f10ebd98 HTTP/1.1" 200 4680
127.0.0.1 - - [22/Dec/2021:09:59:59 +0100] "-" 408 -
127.0.0.1 - - [22/Dec/2021:10:05:06 +0100] "GET / HTTP/1.1" 200 7713
127.0.0.1 - - [22/Dec/2021:10:05:06 +0100] "GET /debug-kit/toolbar/931ca2d3-5eb6-4c5d-8704-c97374270bcc HTTP/1.1" 200 4583
127.0.0.1 - - [22/Dec/2021:10:05:16 +0100] "GET /usuario HTTP/1.1" 200 2829
127.0.0.1 - - [22/Dec/2021:10:05:17 +0100] "GET /debug-kit/toolbar/067c11b4-3ca7-4851-8b97-0cb9c1437a16 HTTP/1.1" 200 4681
127.0.0.1 - - [22/Dec/2021:10:08:38 +0100] "GET /usuario HTTP/1.1" 500 967960
127.0.0.1 - - [22/Dec/2021:10:08:39 +0100] "GET /debug-kit/toolbar/f14d818f-18bb-415f-80ab-6fcb36576acc HTTP/1.1" 200 4768
127.0.0.1 - - [22/Dec/2021:10:10:09 +0100] "GET /usuario HTTP/1.1" 500 967944
127.0.0.1 - - [22/Dec/2021:10:10:10 +0100] "GET /debug-kit/toolbar/55c69ffd-4d44-4958-824c-66d065949f1c HTTP/1.1" 200 4768
127.0.0.1 - - [22/Dec/2021:15:46:15 +0100] "GET /libro HTTP/1.1" 500 970957
127.0.0.1 - - [22/Dec/2021:15:46:21 +0100] "GET /debug-kit/toolbar/8d2b92c9-38e8-4a70-84bf-75647c4390df HTTP/1.1" 200 4772
::1 - - [22/Dec/2021:22:01:53 +0100] "GET / HTTP/1.1" 200 7719
::1 - - [22/Dec/2021:22:01:55 +0100] "GET /debug-kit/toolbar/31e2ab7b-f7ff-487d-9200-4b81ef47e35a HTTP/1.1" 200 4589
::1 - - [22/Dec/2021:22:02:01 +0100] "GET /home HTTP/1.1" 404 954743
::1 - - [22/Dec/2021:22:02:02 +0100] "GET /debug-kit/toolbar/6c6317b6-41e5-4446-b5e5-b3aa2d1bef4d HTTP/1.1" 200 4681
::1 - - [22/Dec/2021:22:02:12 +0100] "GET /menu/home HTTP/1.1" 500 16910
::1 - - [22/Dec/2021:22:06:45 +0100] "GET /menu/home HTTP/1.1" 404 949536
::1 - - [22/Dec/2021:22:06:45 +0100] "GET /debug-kit/toolbar/aed5a8da-784a-4692-851c-a90ecde64309 HTTP/1.1" 200 4681
::1 - - [22/Dec/2021:22:11:27 +0100] "GET /menu/home HTTP/1.1" 500 991971
::1 - - [22/Dec/2021:22:11:28 +0100] "GET /debug-kit/toolbar/617d059d-0c4b-4ea9-bd98-a2c887e307dc HTTP/1.1" 200 4680
::1 - - [22/Dec/2021:22:14:48 +0100] "GET /principal/home HTTP/1.1" 500 988275
::1 - - [22/Dec/2021:22:14:48 +0100] "GET /debug-kit/toolbar/c7114338-de56-4a20-ac93-deff5aaab8b5 HTTP/1.1" 200 4680
::1 - - [22/Dec/2021:22:16:16 +0100] "GET /principal/home HTTP/1.1" 200 2
::1 - - [22/Dec/2021:22:21:16 +0100] "-" 408 -
::1 - - [22/Dec/2021:22:23:42 +0100] "GET /principal/home HTTP/1.1" 500 973905
::1 - - [22/Dec/2021:22:23:42 +0100] "GET /debug-kit/toolbar/46d1ae83-4c9d-451d-8a98-feb09c63999b HTTP/1.1" 200 4679
::1 - - [22/Dec/2021:22:23:47 +0100] "GET /debug-kit/toolbar/46d1ae83-4c9d-451d-8a98-feb09c63999b HTTP/1.1" 200 4679
::1 - - [22/Dec/2021:22:23:48 +0100] "GET /principal/home HTTP/1.1" 500 973905
::1 - - [22/Dec/2021:22:23:48 +0100] "GET /debug-kit/toolbar/9fb8937e-9d3d-412a-a1c6-cce368da28bf HTTP/1.1" 200 4679
::1 - - [22/Dec/2021:22:41:32 +0100] "GET /principal/home HTTP/1.1" 500 973873
::1 - - [22/Dec/2021:22:41:33 +0100] "GET /debug-kit/toolbar/47e67ff0-b263-430e-8f53-7b1b19418ba8 HTTP/1.1" 200 4679
::1 - - [22/Dec/2021:22:41:35 +0100] "GET /principal/home HTTP/1.1" 500 973905
::1 - - [22/Dec/2021:22:41:37 +0100] "GET /debug-kit/toolbar/b86ab24e-a99a-45dd-ad4a-32d34826e19e HTTP/1.1" 200 4679
::1 - - [22/Dec/2021:22:41:51 +0100] "GET /principal/home HTTP/1.1" 500 973889
::1 - - [22/Dec/2021:22:41:51 +0100] "GET /debug-kit/toolbar/61e2d886-2163-409d-8adf-49c4d4de1be4 HTTP/1.1" 200 4679
::1 - - [22/Dec/2021:22:41:52 +0100] "GET /principal/home HTTP/1.1" 500 973889
::1 - - [22/Dec/2021:22:41:53 +0100] "GET /debug-kit/toolbar/e41d9403-801c-4ea7-a43d-0f0ad095809a HTTP/1.1" 200 4679
::1 - - [22/Dec/2021:22:42:03 +0100] "GET /principal/home HTTP/1.1" 500 973905
::1 - - [22/Dec/2021:22:42:04 +0100] "GET /debug-kit/toolbar/c3333bdb-1c08-41e3-b663-69912f314f09 HTTP/1.1" 200 4679
::1 - - [22/Dec/2021:22:42:19 +0100] "GET /principal/home HTTP/1.1" 500 973905
::1 - - [22/Dec/2021:22:42:20 +0100] "GET /debug-kit/toolbar/abc57160-2934-4ef7-8a33-59e387fcf93e HTTP/1.1" 200 4679
::1 - - [22/Dec/2021:22:42:22 +0100] "GET /principal/home HTTP/1.1" 500 973905
::1 - - [22/Dec/2021:22:42:22 +0100] "GET /debug-kit/toolbar/44a58efe-2c6b-4e42-9eff-52d59a9b076c HTTP/1.1" 200 4679
::1 - - [22/Dec/2021:22:42:31 +0100] "GET /principal/home HTTP/1.1" 200 1632
::1 - - [22/Dec/2021:22:42:32 +0100] "GET /debug-kit/toolbar/554d126f-f2f2-43ed-9393-cbdc0daa4f06 HTTP/1.1" 200 4499
::1 - - [22/Dec/2021:22:42:57 +0100] "GET /principal/home HTTP/1.1" 200 1632
::1 - - [22/Dec/2021:22:42:58 +0100] "GET /debug-kit/toolbar/515fc549-9d3e-4b6c-960c-363c6a2bf766 HTTP/1.1" 200 4499
::1 - - [22/Dec/2021:22:42:59 +0100] "GET /principal/home HTTP/1.1" 200 1632
::1 - - [22/Dec/2021:22:42:59 +0100] "GET /debug-kit/toolbar/d8c09243-ad82-45a3-b822-787453e5fc4d HTTP/1.1" 200 4499
::1 - - [22/Dec/2021:22:43:20 +0100] "GET /principal/home HTTP/1.1" 200 1465
::1 - - [22/Dec/2021:22:43:21 +0100] "GET /principal/home HTTP/1.1" 200 1465
::1 - - [22/Dec/2021:22:45:01 +0100] "GET /principal/home HTTP/1.1" 500 992275
::1 - - [22/Dec/2021:22:45:02 +0100] "GET /debug-kit/toolbar/844146b8-e39f-4bf2-a8e2-fcd9b4128618 HTTP/1.1" 200 4680
::1 - - [22/Dec/2021:22:45:07 +0100] "GET /principal/home HTTP/1.1" 200 1463
::1 - - [22/Dec/2021:22:45:18 +0100] "GET /principal/home HTTP/1.1" 200 1463
::1 - - [22/Dec/2021:22:45:19 +0100] "GET /principal/home HTTP/1.1" 200 1463
::1 - - [22/Dec/2021:22:45:20 +0100] "GET /principal/home HTTP/1.1" 200 1463
::1 - - [22/Dec/2021:22:45:21 +0100] "GET /principal/home HTTP/1.1" 200 1463
::1 - - [22/Dec/2021:22:45:27 +0100] "GET /principal/home HTTP/1.1" 200 1463
::1 - - [22/Dec/2021:22:45:30 +0100] "GET /principal/home HTTP/1.1" 200 1463
::1 - - [22/Dec/2021:22:45:35 +0100] "GET /principal/home HTTP/1.1" 200 1463
::1 - - [22/Dec/2021:22:48:31 +0100] "GET /principal/home HTTP/1.1" 200 1586
::1 - - [22/Dec/2021:22:48:32 +0100] "GET /debug-kit/toolbar/b10e46b7-36d8-4461-a2f9-a1c66b9c9621 HTTP/1.1" 200 4499
::1 - - [22/Dec/2021:22:51:24 +0100] "GET /principal/home HTTP/1.1" 200 4184
::1 - - [22/Dec/2021:22:51:25 +0100] "GET /debug-kit/toolbar/32c5920d-e0af-4282-8dc8-9bf1a5d00ba7 HTTP/1.1" 200 4499
::1 - - [22/Dec/2021:22:51:36 +0100] "GET /principal/home HTTP/1.1" 200 4184
::1 - - [22/Dec/2021:22:51:37 +0100] "GET /debug-kit/toolbar/922205f3-02f9-4ffd-b4b9-da8bdb120126 HTTP/1.1" 200 4499
::1 - - [22/Dec/2021:22:52:42 +0100] "GET /principal/home HTTP/1.1" 200 4184
::1 - - [22/Dec/2021:22:52:43 +0100] "GET /debug-kit/toolbar/e31a1fbc-32ae-4a3a-b4e2-d94b14a70b13 HTTP/1.1" 200 4499
::1 - - [22/Dec/2021:22:57:42 +0100] "-" 408 -
::1 - - [22/Dec/2021:23:00:28 +0100] "GET /principal/home HTTP/1.1" 200 4181
::1 - - [22/Dec/2021:23:00:29 +0100] "GET /debug-kit/toolbar/38e0084b-fd9d-48ea-aff5-bfe1323ccc7d HTTP/1.1" 200 4498
::1 - - [22/Dec/2021:23:03:29 +0100] "GET /principal/home HTTP/1.1" 200 12
::1 - - [22/Dec/2021:23:03:32 +0100] "GET /principal/home HTTP/1.1" 200 12
::1 - - [22/Dec/2021:23:04:11 +0100] "GET /principal/home HTTP/1.1" 200 5155
::1 - - [22/Dec/2021:23:04:11 +0100] "GET /debug-kit/toolbar/3b13fa44-f2e3-4636-810b-dca4a8f4c652 HTTP/1.1" 200 4499
::1 - - [22/Dec/2021:23:06:40 +0100] "GET /principal/home HTTP/1.1" 200 3893
::1 - - [22/Dec/2021:23:06:41 +0100] "GET /debug-kit/toolbar/43a37e50-0bc8-4eff-bf71-c655c0765059 HTTP/1.1" 200 4498
::1 - - [22/Dec/2021:23:08:20 +0100] "GET /principal/home HTTP/1.1" 200 4171
::1 - - [22/Dec/2021:23:08:20 +0100] "GET /debug-kit/toolbar/14be13cc-b0ee-4a6b-bbc9-c8096eebdbd0 HTTP/1.1" 200 4499
::1 - - [22/Dec/2021:23:16:37 +0100] "GET /principal/home HTTP/1.1" 200 4171
::1 - - [22/Dec/2021:23:16:37 +0100] "GET /debug-kit/toolbar/9bea6a0c-ba90-4164-92a3-773c9fbd441d HTTP/1.1" 200 4498
::1 - - [22/Dec/2021:23:17:12 +0100] "GET /principal/home HTTP/1.1" 200 5334
::1 - - [22/Dec/2021:23:17:14 +0100] "GET /debug-kit/toolbar/c3a633f5-eba0-470d-a0a4-20cfc1259c9e HTTP/1.1" 200 4499
::1 - - [22/Dec/2021:23:18:11 +0100] "GET /principal/home HTTP/1.1" 200 5334
::1 - - [22/Dec/2021:23:18:12 +0100] "GET /debug-kit/toolbar/888edcb7-b478-47d9-ac6b-00b7678a931c HTTP/1.1" 200 4499
::1 - - [22/Dec/2021:23:18:54 +0100] "GET / HTTP/1.1" 200 4171
::1 - - [22/Dec/2021:23:18:55 +0100] "GET /debug-kit/toolbar/0446bb03-3f4c-4045-80ab-73e008ab941a HTTP/1.1" 200 4498
::1 - - [22/Dec/2021:23:19:02 +0100] "GET / HTTP/1.1" 200 4171
::1 - - [22/Dec/2021:23:19:03 +0100] "GET /debug-kit/toolbar/116cc0ba-889b-4f0f-b36a-36cae180d386 HTTP/1.1" 200 4499
::1 - - [22/Dec/2021:23:20:38 +0100] "GET / HTTP/1.1" 200 3653
::1 - - [22/Dec/2021:23:20:38 +0100] "GET /debug-kit/toolbar/e279e015-420e-4160-adc7-3d4f4da5a8e6 HTTP/1.1" 200 4499
::1 - - [22/Dec/2021:23:20:51 +0100] "GET / HTTP/1.1" 200 4963
::1 - - [22/Dec/2021:23:20:51 +0100] "GET /debug-kit/toolbar/2d7f01be-33a5-4428-8639-a4f4bd0c8133 HTTP/1.1" 200 4499
::1 - - [22/Dec/2021:23:22:02 +0100] "GET / HTTP/1.1" 200 4320
::1 - - [22/Dec/2021:23:22:03 +0100] "GET /debug-kit/toolbar/c4ff3483-aa34-4755-8f86-7521fc6cc511 HTTP/1.1" 200 4499
